2017-08-27 14:13:34 logger.py[line:33] INFO 配置文件读取...
2017-08-27 14:13:34 logger.py[line:33] INFO 配置文件读取完成
2017-08-27 14:13:34 logger.py[line:36] WARNING 输出目录不存在
2017-08-27 14:13:34 logger.py[line:33] INFO 创建输出目录/Users/Creater/WorkSpace/PythonProjects/3ICOProj/processor/
2017-08-27 14:13:34 logger.py[line:33] INFO 输出目录清理...
2017-08-27 14:13:34 logger.py[line:33] INFO 输出目录清理完成
2017-08-27 14:13:34 logger.py[line:33] INFO 读取源目录...
2017-08-27 14:14:44 logger.py[line:33] INFO 配置文件读取...
2017-08-27 14:14:44 logger.py[line:33] INFO 配置文件读取完成
2017-08-27 14:14:44 logger.py[line:36] WARNING 输出目录不存在
2017-08-27 14:14:44 logger.py[line:33] INFO CREATE: /Users/Creater/WorkSpace/PythonProjects/3ICOProj/processor/
2017-08-27 14:14:44 logger.py[line:33] INFO 输出目录清理...
2017-08-27 14:14:44 logger.py[line:33] INFO 输出目录清理完成
2017-08-27 14:14:44 logger.py[line:33] INFO 读取源目录...
2017-08-27 14:15:26 logger.py[line:33] INFO 配置文件读取...
2017-08-27 14:15:26 logger.py[line:33] INFO 配置文件读取完成
2017-08-27 14:15:26 logger.py[line:36] WARNING 输出目录不存在
2017-08-27 14:15:26 logger.py[line:33] INFO CREATE: /Users/Creater/WorkSpace/PythonProjects/3ICOProj/processor/
2017-08-27 14:15:26 logger.py[line:33] INFO 输出目录清理...
2017-08-27 14:15:26 logger.py[line:33] INFO 输出目录清理完成
2017-08-27 14:15:26 logger.py[line:33] INFO 读取源目录...
2017-08-27 14:18:09 logger.py[line:33] INFO 配置文件读取...
2017-08-27 14:18:09 logger.py[line:33] INFO 配置文件读取完成
2017-08-27 14:18:09 logger.py[line:36] WARNING 输出目录不存在
2017-08-27 14:18:09 logger.py[line:33] INFO CREATE: /Users/Creater/WorkSpace/PythonProjects/3ICOProj/processor/
2017-08-27 14:18:09 logger.py[line:33] INFO 输出目录清理...
2017-08-27 14:18:09 logger.py[line:33] INFO 输出目录清理完成
2017-08-27 14:18:09 logger.py[line:33] INFO 读取源目录...
2017-08-27 14:18:09 logger.py[line:33] INFO CREATE: /Users/Creater/WorkSpace/PythonProjects/3ICOProj/processor/logs/
2017-08-27 14:18:09 logger.py[line:33] INFO COPY: /Users/Creater/WorkSpace/3ICOProj/trunk/3ico-processor/bin -> /Users/Creater/WorkSpace/PythonProjects/3ICOProj/processor/bin
2017-08-27 14:18:09 logger.py[line:33] INFO COPY: /Users/Creater/WorkSpace/3ICOProj/trunk/3ico-processor/target/classes -> /Users/Creater/WorkSpace/PythonProjects/3ICOProj/processor/classes
2017-08-27 14:18:09 logger.py[line:33] INFO COPY: /Users/Creater/WorkSpace/3ICOProj/trunk/3ico-processor/target/dependency -> /Users/Creater/WorkSpace/PythonProjects/3ICOProj/processor/lib
2017-08-27 14:18:09 logger.py[line:33] INFO 构建完成
2017-08-27 14:18:35 logger.py[line:33] INFO 配置文件读取...
2017-08-27 14:18:35 logger.py[line:33] INFO 配置文件读取完成
2017-08-27 14:18:35 logger.py[line:33] INFO 输出目录清理...
2017-08-27 14:18:35 logger.py[line:33] INFO 输出目录清理完成
2017-08-27 14:18:35 logger.py[line:33] INFO 读取源目录...
2017-08-27 14:18:35 logger.py[line:33] INFO CREATE: /Users/Creater/WorkSpace/PythonProjects/3ICOProj/processor/logs
2017-08-27 14:18:35 logger.py[line:33] INFO COPY: /Users/Creater/WorkSpace/3ICOProj/trunk/3ico-processor/bin -> /Users/Creater/WorkSpace/PythonProjects/3ICOProj/processor/bin
2017-08-27 14:18:35 logger.py[line:33] INFO COPY: /Users/Creater/WorkSpace/3ICOProj/trunk/3ico-processor/target/classes -> /Users/Creater/WorkSpace/PythonProjects/3ICOProj/processor/classes
2017-08-27 14:18:35 logger.py[line:33] INFO COPY: /Users/Creater/WorkSpace/3ICOProj/trunk/3ico-processor/target/dependency -> /Users/Creater/WorkSpace/PythonProjects/3ICOProj/processor/lib
2017-08-27 14:18:35 logger.py[line:33] INFO 构建完成
2017-08-27 14:22:03 logger.py[line:33] INFO 配置文件读取...
2017-08-27 14:22:03 logger.py[line:33] INFO 配置文件读取完成
2017-08-27 14:22:03 logger.py[line:36] WARNING 输出目录不存在
2017-08-27 14:22:03 logger.py[line:33] INFO CREATE: /Users/Creater/WorkSpace/PythonProjects/3ICOProj/processor/
2017-08-27 14:22:03 logger.py[line:33] INFO 输出目录清理...
2017-08-27 14:22:03 logger.py[line:33] INFO 输出目录清理完成
2017-08-27 14:22:03 logger.py[line:33] INFO 读取源目录...
2017-08-27 14:22:03 logger.py[line:33] INFO CREATE: /Users/Creater/WorkSpace/PythonProjects/3ICOProj/processor/logs
2017-08-27 14:22:03 logger.py[line:33] INFO COPY: /Users/Creater/WorkSpace/3ICOProj/trunk/3ico-processor/bin -> /Users/Creater/WorkSpace/PythonProjects/3ICOProj/processor/bin
2017-08-27 14:22:03 logger.py[line:33] INFO COPY: /Users/Creater/WorkSpace/3ICOProj/trunk/3ico-processor/target/classes -> /Users/Creater/WorkSpace/PythonProjects/3ICOProj/processor/classes
2017-08-27 14:22:03 logger.py[line:33] INFO COPY: /Users/Creater/WorkSpace/3ICOProj/trunk/3ico-processor/target/dependency -> /Users/Creater/WorkSpace/PythonProjects/3ICOProj/processor/lib
2017-08-27 14:22:03 logger.py[line:33] INFO 构建完成
2017-08-27 14:23:51 logger.py[line:33] INFO 配置文件读取...
2017-08-27 14:23:51 logger.py[line:33] INFO 配置文件读取完成
2017-08-27 14:23:51 logger.py[line:33] INFO 输出目录清理...
2017-08-27 14:23:51 logger.py[line:33] INFO 输出目录清理完成
2017-08-27 14:23:51 logger.py[line:33] INFO 读取源目录...
2017-08-27 14:23:51 logger.py[line:33] INFO CREATE: /Users/Creater/WorkSpace/PythonProjects/3ICOProj/processor/logs
2017-08-27 14:23:51 logger.py[line:33] INFO COPY: /Users/Creater/WorkSpace/3ICOProj/trunk/3ico-processor/bin -> /Users/Creater/WorkSpace/PythonProjects/3ICOProj/processor/bin
2017-08-27 14:23:51 logger.py[line:33] INFO COPY: /Users/Creater/WorkSpace/3ICOProj/trunk/3ico-processor/target/classes -> /Users/Creater/WorkSpace/PythonProjects/3ICOProj/processor/classes
2017-08-27 14:23:51 logger.py[line:33] INFO COPY: /Users/Creater/WorkSpace/3ICOProj/trunk/3ico-processor/target/dependency -> /Users/Creater/WorkSpace/PythonProjects/3ICOProj/processor/lib
2017-08-27 14:23:51 logger.py[line:33] INFO 构建完成
2017-08-27 14:28:03 logger.py[line:33] INFO 配置文件读取...
2017-08-27 14:28:03 logger.py[line:33] INFO 配置文件读取完成
2017-08-27 14:28:03 logger.py[line:33] INFO 输出目录清理...
2017-08-27 14:28:03 logger.py[line:33] INFO 输出目录清理完成
2017-08-27 14:28:03 logger.py[line:33] INFO 读取源目录...
2017-08-27 14:28:03 logger.py[line:33] INFO CREATE: /Users/Creater/WorkSpace/PythonProjects/3ICOProj/logs
2017-08-27 14:28:03 logger.py[line:33] INFO COPY: /Users/Creater/WorkSpace/3ICOProj/trunk/3ico-processor/bin -> /Users/Creater/WorkSpace/PythonProjects/3ICOProj/processor/bin
2017-08-27 14:28:03 logger.py[line:33] INFO COPY: /Users/Creater/WorkSpace/3ICOProj/trunk/3ico-processor/target/classes -> /Users/Creater/WorkSpace/PythonProjects/3ICOProj/processor/classes
2017-08-27 14:28:03 logger.py[line:33] INFO COPY: /Users/Creater/WorkSpace/3ICOProj/trunk/3ico-processor/target/dependency -> /Users/Creater/WorkSpace/PythonProjects/3ICOProj/lib
2017-08-27 14:33:44 logger.py[line:33] INFO 配置文件读取...
2017-08-27 14:33:44 logger.py[line:33] INFO 配置文件读取完成
2017-08-27 14:33:44 logger.py[line:33] INFO 输出目录清理...
2017-08-27 14:33:44 logger.py[line:33] INFO 输出目录清理完成
2017-08-27 14:33:44 logger.py[line:33] INFO 读取源目录...
2017-08-27 14:33:44 logger.py[line:33] INFO CREATE: /Users/Creater/WorkSpace/PythonProjects/3ICOProj/logs
2017-08-27 14:33:44 logger.py[line:33] INFO COPY: /Users/Creater/WorkSpace/3ICOProj/trunk/3ico-processor/bin -> /Users/Creater/WorkSpace/PythonProjects/3ICOProj/processor/bin
2017-08-27 14:33:44 logger.py[line:33] INFO COPY: /Users/Creater/WorkSpace/3ICOProj/trunk/3ico-processor/target/classes -> /Users/Creater/WorkSpace/PythonProjects/3ICOProj/processor/classes
2017-08-27 14:33:44 logger.py[line:33] INFO COPY: /Users/Creater/WorkSpace/3ICOProj/trunk/3ico-processor/target/dependency -> /Users/Creater/WorkSpace/PythonProjects/3ICOProj/lib
2017-08-27 14:33:44 logger.py[line:33] INFO COPY: /Users/Creater/WorkSpace/3ICOProj/trunk/3ico-web/target/ROOT.war -> /Users/Creater/WorkSpace/PythonProjects/3ICOProj/ROOT.war
2017-08-27 14:33:44 logger.py[line:33] INFO 构建完成
2017-08-27 14:49:14 logger.py[line:33] INFO 配置文件读取...
2017-08-27 14:49:14 logger.py[line:33] INFO 配置文件读取完成
2017-08-27 14:49:14 logger.py[line:36] WARNING 输出目录不存在
2017-08-27 14:49:14 logger.py[line:33] INFO CREATE: /Users/Creater/WorkSpace/PythonProjects/3ICOProj/
2017-08-27 14:49:14 logger.py[line:33] INFO 输出目录清理...
2017-08-27 14:49:14 logger.py[line:33] INFO 输出目录清理完成
2017-08-27 14:49:14 logger.py[line:33] INFO 读取源目录...
2017-08-27 14:50:22 logger.py[line:33] INFO 配置文件读取...
2017-08-27 14:50:22 logger.py[line:33] INFO 配置文件读取完成
2017-08-27 14:50:22 logger.py[line:36] WARNING 输出目录不存在
2017-08-27 14:50:22 logger.py[line:33] INFO CREATE: /Users/Creater/WorkSpace/PythonProjects/3ICOProj/
2017-08-27 14:50:22 logger.py[line:33] INFO 输出目录清理...
2017-08-27 14:50:22 logger.py[line:33] INFO 输出目录清理完成
2017-08-27 14:50:22 logger.py[line:33] INFO 读取源目录...
2017-08-27 14:52:37 logger.py[line:33] INFO 配置文件读取...
2017-08-27 14:52:37 logger.py[line:33] INFO 配置文件读取完成
2017-08-27 14:52:37 logger.py[line:36] WARNING 输出目录不存在
2017-08-27 14:52:37 logger.py[line:33] INFO CREATE: /Users/Creater/WorkSpace/PythonProjects/3ICOProj/
2017-08-27 14:52:37 logger.py[line:33] INFO 输出目录清理...
2017-08-27 14:52:37 logger.py[line:33] INFO 输出目录清理完成
2017-08-27 14:52:37 logger.py[line:33] INFO 读取源目录...
2017-08-27 14:54:19 logger.py[line:33] INFO 配置文件读取...
2017-08-27 14:54:19 logger.py[line:33] INFO 配置文件读取完成
2017-08-27 14:54:19 logger.py[line:36] WARNING 输出目录不存在
2017-08-27 14:54:19 logger.py[line:33] INFO CREATE: /Users/Creater/WorkSpace/PythonProjects/3ICOProj/
2017-08-27 14:54:19 logger.py[line:33] INFO 输出目录清理...
2017-08-27 14:54:19 logger.py[line:33] INFO 输出目录清理完成
2017-08-27 14:54:19 logger.py[line:33] INFO 读取源目录...
2017-08-27 14:54:42 logger.py[line:33] INFO 配置文件读取...
2017-08-27 14:54:42 logger.py[line:33] INFO 配置文件读取完成
2017-08-27 14:54:42 logger.py[line:36] WARNING 输出目录不存在
2017-08-27 14:54:42 logger.py[line:33] INFO CREATE: /Users/Creater/WorkSpace/PythonProjects/3ICOProj/
2017-08-27 14:54:42 logger.py[line:33] INFO 输出目录清理...
2017-08-27 14:54:42 logger.py[line:33] INFO 输出目录清理完成
2017-08-27 14:54:42 logger.py[line:33] INFO 读取源目录...
2017-08-27 14:55:20 logger.py[line:33] INFO 配置文件读取...
2017-08-27 14:55:20 logger.py[line:33] INFO 配置文件读取完成
2017-08-27 14:55:20 logger.py[line:36] WARNING 输出目录不存在
2017-08-27 14:55:20 logger.py[line:33] INFO CREATE: /Users/Creater/WorkSpace/PythonProjects/3ICOProj/
2017-08-27 14:55:20 logger.py[line:33] INFO 输出目录清理...
2017-08-27 14:55:20 logger.py[line:33] INFO 输出目录清理完成
2017-08-27 14:55:20 logger.py[line:33] INFO 读取源目录...
2017-08-27 14:55:20 logger.py[line:33] INFO CREATE: /Users/Creater/WorkSpace/PythonProjects/3ICOProj/logs
2017-08-27 14:55:20 logger.py[line:33] INFO CREATE: /Users/Creater/WorkSpace/PythonProjects/3ICOProj/xxx
2017-08-27 14:55:20 logger.py[line:33] INFO COPY: /Users/Creater/WorkSpace/3ICOProj/trunk/3ico-processor/bin -> /Users/Creater/WorkSpace/PythonProjects/3ICOProj/processor/bin
2017-08-27 14:55:20 logger.py[line:33] INFO COPY: /Users/Creater/WorkSpace/3ICOProj/trunk/3ico-processor/target/classes -> /Users/Creater/WorkSpace/PythonProjects/3ICOProj/processor/classes
2017-08-27 14:55:20 logger.py[line:33] INFO COPY: /Users/Creater/WorkSpace/3ICOProj/trunk/3ico-processor/target/dependency -> /Users/Creater/WorkSpace/PythonProjects/3ICOProj/processor/lib
2017-08-27 14:55:20 logger.py[line:33] INFO COPY: /Users/Creater/WorkSpace/3ICOProj/trunk/3ico-web/target/ROOT.war -> /Users/Creater/WorkSpace/PythonProjects/3ICOProj/ROOT.war
2017-08-27 14:55:20 logger.py[line:33] INFO 构建完成
2017-08-27 14:58:47 logger.py[line:33] INFO 配置文件读取...
2017-08-27 14:58:47 logger.py[line:33] INFO 配置文件读取完成
2017-08-27 14:58:47 logger.py[line:33] INFO 输出目录清理...
2017-08-27 14:58:47 logger.py[line:33] INFO 输出目录清理完成
2017-08-27 14:58:47 logger.py[line:33] INFO 读取源目录...
2017-08-27 14:58:47 logger.py[line:33] INFO CREATE: /Users/Creater/WorkSpace/PythonProjects/3ICOProj/processor/logs
2017-08-27 14:59:56 logger.py[line:33] INFO 配置文件读取...
2017-08-27 14:59:56 logger.py[line:33] INFO 配置文件读取完成
2017-08-27 14:59:56 logger.py[line:33] INFO 输出目录清理...
2017-08-27 14:59:56 logger.py[line:33] INFO 输出目录清理完成
2017-08-27 14:59:56 logger.py[line:33] INFO 读取源目录...
2017-08-27 14:59:56 logger.py[line:33] INFO CREATE: /Users/Creater/WorkSpace/PythonProjects/3ICOProj/processor/logs
2017-08-27 15:00:53 logger.py[line:33] INFO 配置文件读取...
2017-08-27 15:00:53 logger.py[line:33] INFO 配置文件读取完成
2017-08-27 15:00:53 logger.py[line:33] INFO 输出目录清理...
2017-08-27 15:00:53 logger.py[line:33] INFO 输出目录清理完成
2017-08-27 15:00:53 logger.py[line:33] INFO 读取源目录...
2017-08-27 15:00:53 logger.py[line:33] INFO CREATE: /Users/Creater/WorkSpace/PythonProjects/3ICOProj/processor/logs
2017-08-27 15:03:07 logger.py[line:33] INFO 配置文件读取...
2017-08-27 15:03:07 logger.py[line:33] INFO 配置文件读取完成
2017-08-27 15:03:07 logger.py[line:33] INFO 输出目录清理...
2017-08-27 15:03:07 logger.py[line:33] INFO 输出目录清理完成
2017-08-27 15:03:07 logger.py[line:33] INFO 读取源目录...
2017-08-27 15:03:07 logger.py[line:33] INFO CREATE: /Users/Creater/WorkSpace/PythonProjects/3ICOProj/processor/logs
2017-08-27 15:04:12 logger.py[line:33] INFO 配置文件读取...
2017-08-27 15:04:12 logger.py[line:33] INFO 配置文件读取完成
2017-08-27 15:04:12 logger.py[line:33] INFO 输出目录清理...
2017-08-27 15:04:12 logger.py[line:33] INFO 输出目录清理完成
2017-08-27 15:04:12 logger.py[line:33] INFO 读取源目录...
2017-08-27 15:04:12 logger.py[line:33] INFO CREATE: /Users/Creater/WorkSpace/PythonProjects/3ICOProj/processor/logs
2017-08-27 15:04:12 logger.py[line:33] INFO CREATE: /Users/Creater/WorkSpace/PythonProjects/3ICOProj/README.md
2017-08-27 15:04:12 logger.py[line:33] INFO COPY: /Users/Creater/WorkSpace/3ICOProj/trunk/3ico-processor/bin -> /Users/Creater/WorkSpace/PythonProjects/3ICOProj/processor/bin
2017-08-27 15:04:12 logger.py[line:33] INFO COPY: /Users/Creater/WorkSpace/3ICOProj/trunk/3ico-processor/target/classes -> /Users/Creater/WorkSpace/PythonProjects/3ICOProj/processor/classes
2017-08-27 15:04:12 logger.py[line:33] INFO COPY: /Users/Creater/WorkSpace/3ICOProj/trunk/3ico-processor/target/dependency -> /Users/Creater/WorkSpace/PythonProjects/3ICOProj/processor/lib
2017-08-27 15:04:12 logger.py[line:33] INFO COPY: /Users/Creater/WorkSpace/3ICOProj/trunk/3ico-web/target/ROOT.war -> /Users/Creater/WorkSpace/PythonProjects/3ICOProj/ROOT.war
2017-08-27 15:04:12 logger.py[line:33] INFO 构建完成
2017-08-27 15:05:20 logger.py[line:33] INFO 配置文件读取...
2017-08-27 15:05:20 logger.py[line:33] INFO 配置文件读取完成
2017-08-27 15:05:20 logger.py[line:33] INFO 输出目录清理...
2017-08-27 15:05:20 logger.py[line:33] INFO 输出目录清理完成
2017-08-27 15:05:20 logger.py[line:33] INFO 读取源目录...
2017-08-27 15:05:20 logger.py[line:33] INFO CREATE: /Users/Creater/WorkSpace/PythonProjects/3ICOProj/processor/logs
2017-08-27 15:05:20 logger.py[line:33] INFO CREATE: /Users/Creater/WorkSpace/PythonProjects/3ICOProj/README.md
2017-08-27 15:05:20 logger.py[line:33] INFO COPY: /Users/Creater/WorkSpace/3ICOProj/trunk/3ico-processor/bin -> /Users/Creater/WorkSpace/PythonProjects/3ICOProj/processor/bin
2017-08-27 15:05:20 logger.py[line:33] INFO COPY: /Users/Creater/WorkSpace/3ICOProj/trunk/3ico-processor/target/classes -> /Users/Creater/WorkSpace/PythonProjects/3ICOProj/processor/classes
2017-08-27 15:05:20 logger.py[line:33] INFO COPY: /Users/Creater/WorkSpace/3ICOProj/trunk/3ico-processor/target/dependency -> /Users/Creater/WorkSpace/PythonProjects/3ICOProj/processor/lib
2017-08-27 15:05:20 logger.py[line:33] INFO COPY: /Users/Creater/WorkSpace/3ICOProj/trunk/3ico-web/target/ROOT.war -> /Users/Creater/WorkSpace/PythonProjects/3ICOProj/ROOT.war
2017-08-27 15:05:20 logger.py[line:33] INFO 构建完成
